app/build/intermediates/manifest_merge_blame_file/release/manifest-merger-blame-release-report.txt
1<?xml version="1.0" encoding="utf-8"?>
2<manifest xmlns:android="http://schemas.android.com/apk/res/android"
3    package="hos.houns.weatherapp"
4    android:versionCode="1"
5    android:versionName="1.0" >
6
7    <uses-sdk
8        android:minSdkVersion="21"
8-->src/main/AndroidManifest.xml
9        android:targetSdkVersion="30" />
9-->src/main/AndroidManifest.xml
10
11    <uses-permission android:name="android.permission.ACCESS_NETWORK_STATE" />
11-->src/main/AndroidManifest.xml:5:5-79
11-->src/main/AndroidManifest.xml:5:22-76
12    <uses-permission android:name="android.permission.INTERNET" />
12-->src/main/AndroidManifest.xml:6:5-67
12-->src/main/AndroidManifest.xml:6:22-64
13    <uses-permission android:name="android.permission.ACCESS_FINE_LOCATION" />
13-->src/main/AndroidManifest.xml:7:5-79
13-->src/main/AndroidManifest.xml:7:22-76
14    <uses-permission android:name="android.permission.ACCESS_WIFI_STATE" />
14-->[com.google.android.libraries.places:places:2.4.0] AndroidManifest.xml:10:5-76
14-->[com.google.android.libraries.places:places:2.4.0] AndroidManifest.xml:10:22-73
15    <uses-permission android:name="android.permission.REORDER_TASKS" />
15-->[androidx.test:core:1.3.0] AndroidManifest.xml:24:5-72
15-->[androidx.test:core:1.3.0] AndroidManifest.xml:24:22-69
16
17    <uses-feature
17-->[com.google.android.gms:play-services-maps:17.0.0] AndroidManifest.xml:26:5-28:35
18        android:glEsVersion="0x00020000"
18-->[com.google.android.gms:play-services-maps:17.0.0] AndroidManifest.xml:27:9-41
19        android:required="true" />
19-->[com.google.android.gms:play-services-maps:17.0.0] AndroidManifest.xml:28:9-32
20
21    <application
21-->src/main/AndroidManifest.xml:9:5-42:19
22        android:name="hos.houns.weatherapp.MyApp"
22-->src/main/AndroidManifest.xml:10:9-30
23        android:appComponentFactory="androidx.core.app.CoreComponentFactory"
23-->[androidx.core:core:1.5.0] AndroidManifest.xml:24:18-86
24        android:icon="@mipmap/ic_launcher"
24-->src/main/AndroidManifest.xml:11:9-43
25        android:label="@string/app_name"
25-->src/main/AndroidManifest.xml:12:9-41
26        android:roundIcon="@mipmap/ic_launcher_round"
26-->src/main/AndroidManifest.xml:13:9-54
27        android:supportsRtl="true"
27-->src/main/AndroidManifest.xml:14:9-35
28        android:theme="@style/Theme.AndroidCleanArchMVVMMMVIStarter" >
28-->src/main/AndroidManifest.xml:15:9-69
29        <activity
29-->src/main/AndroidManifest.xml:16:9-18:39
30            android:name="hos.houns.weatherapp.presentation.favorite.MapsActivity"
30-->src/main/AndroidManifest.xml:17:13-63
31            android:exported="true" />
31-->src/main/AndroidManifest.xml:18:13-36
32        <activity
32-->src/main/AndroidManifest.xml:19:9-29:20
33            android:name="hos.houns.weatherapp.presentation.MainActivity"
33-->src/main/AndroidManifest.xml:21:13-54
34            android:configChanges="orientation"
34-->src/main/AndroidManifest.xml:22:13-48
35            android:launchMode="singleTop"
35-->src/main/AndroidManifest.xml:20:13-43
36            android:screenOrientation="portrait" >
36-->src/main/AndroidManifest.xml:23:13-49
37            <intent-filter>
37-->src/main/AndroidManifest.xml:24:13-28:29
38                <action android:name="android.intent.action.MAIN" />
38-->src/main/AndroidManifest.xml:25:17-69
38-->src/main/AndroidManifest.xml:25:25-66
39
40                <category android:name="android.intent.category.LAUNCHER" />
40-->src/main/AndroidManifest.xml:27:17-77
40-->src/main/AndroidManifest.xml:27:27-74
41            </intent-filter>
42        </activity>
43        <activity
43-->src/main/AndroidManifest.xml:30:9-32:52
44            android:name="hos.houns.weatherapp.presentation.favorite.PlaceAutocompleteActivity"
44-->src/main/AndroidManifest.xml:31:13-76
45            android:screenOrientation="portrait" />
45-->src/main/AndroidManifest.xml:32:13-49
46
47        <meta-data
47-->src/main/AndroidManifest.xml:34:9-36:69
48            android:name="com.google.android.gms.version"
48-->src/main/AndroidManifest.xml:35:13-58
49            android:value="@integer/google_play_services_version" />
49-->src/main/AndroidManifest.xml:36:13-66
50        <meta-data
50-->src/main/AndroidManifest.xml:38:9-40:71
51            android:name="com.google.android.geo.API_KEY"
51-->src/main/AndroidManifest.xml:39:13-58
52            android:value="AIzaSyDShLhHuGJ1Rmo5WTuNsi0Rgrd4XP5_GPs" />
52-->src/main/AndroidManifest.xml:40:13-68
53
54        <activity
54-->[com.google.android.libraries.places:places:2.4.0] AndroidManifest.xml:14:9-20:20
55            android:name="com.google.android.libraries.places.widget.AutocompleteActivity"
55-->[com.google.android.libraries.places:places:2.4.0] AndroidManifest.xml:15:13-91
56            android:exported="false"
56-->[com.google.android.libraries.places:places:2.4.0] AndroidManifest.xml:16:13-37
57            android:label="@string/places_autocomplete_label"
57-->[com.google.android.libraries.places:places:2.4.0] AndroidManifest.xml:17:13-62
58            android:theme="@style/PlacesAutocompleteOverlay"
58-->[com.google.android.libraries.places:places:2.4.0] AndroidManifest.xml:18:13-61
59            android:windowSoftInputMode="adjustResize" >
59-->[com.google.android.libraries.places:places:2.4.0] AndroidManifest.xml:19:13-55
60        </activity>
61        <activity
61-->[androidx.test:core:1.3.0] AndroidManifest.xml:27:9-33:20
62            android:name="androidx.test.core.app.InstrumentationActivityInvoker$BootstrapActivity"
62-->[androidx.test:core:1.3.0] AndroidManifest.xml:28:13-99
63            android:theme="@android:style/Theme" >
63-->[androidx.test:core:1.3.0] AndroidManifest.xml:29:13-49
64            <intent-filter>
64-->[androidx.test:core:1.3.0] AndroidManifest.xml:30:13-32:29
65                <action android:name="android.intent.action.MAIN" />
65-->src/main/AndroidManifest.xml:25:17-69
65-->src/main/AndroidManifest.xml:25:25-66
66            </intent-filter>
67        </activity>
68        <activity
68-->[androidx.test:core:1.3.0] AndroidManifest.xml:34:9-40:20
69            android:name="androidx.test.core.app.InstrumentationActivityInvoker$EmptyActivity"
69-->[androidx.test:core:1.3.0] AndroidManifest.xml:35:13-95
70            android:theme="@android:style/Theme" >
70-->[androidx.test:core:1.3.0] AndroidManifest.xml:36:13-49
71            <intent-filter>
71-->[androidx.test:core:1.3.0] AndroidManifest.xml:30:13-32:29
72                <action android:name="android.intent.action.MAIN" />
72-->src/main/AndroidManifest.xml:25:17-69
72-->src/main/AndroidManifest.xml:25:25-66
73            </intent-filter>
74        </activity>
75        <activity
75-->[androidx.test:core:1.3.0] AndroidManifest.xml:41:9-47:20
76            android:name="androidx.test.core.app.InstrumentationActivityInvoker$EmptyFloatingActivity"
76-->[androidx.test:core:1.3.0] AndroidManifest.xml:42:13-103
77            android:theme="@android:style/Theme.Dialog" >
77-->[androidx.test:core:1.3.0] AndroidManifest.xml:43:13-56
78            <intent-filter>
78-->[androidx.test:core:1.3.0] AndroidManifest.xml:30:13-32:29
79                <action android:name="android.intent.action.MAIN" />
79-->src/main/AndroidManifest.xml:25:17-69
79-->src/main/AndroidManifest.xml:25:25-66
80            </intent-filter>
81        </activity>
82
83        <service
83-->[androidx.room:room-runtime:2.3.0] AndroidManifest.xml:25:9-28:40
84            android:name="androidx.room.MultiInstanceInvalidationService"
84-->[androidx.room:room-runtime:2.3.0] AndroidManifest.xml:26:13-74
85            android:directBootAware="true"
85-->[androidx.room:room-runtime:2.3.0] AndroidManifest.xml:27:13-43
86            android:exported="false" /> <!-- Needs to be explicitly declared on P+ -->
86-->[androidx.room:room-runtime:2.3.0] AndroidManifest.xml:28:13-37
87        <uses-library
87-->[com.google.android.gms:play-services-maps:17.0.0] AndroidManifest.xml:33:9-35:40
88            android:name="org.apache.http.legacy"
88-->[com.google.android.gms:play-services-maps:17.0.0] AndroidManifest.xml:34:13-50
89            android:required="false" />
89-->[com.google.android.gms:play-services-maps:17.0.0] AndroidManifest.xml:35:13-37
90
91        <activity
91-->[com.google.android.gms:play-services-base:17.5.0] AndroidManifest.xml:23:9-26:75
92            android:name="com.google.android.gms.common.api.GoogleApiActivity"
92-->[com.google.android.gms:play-services-base:17.5.0] AndroidManifest.xml:24:13-79
93            android:exported="false"
93-->[com.google.android.gms:play-services-base:17.5.0] AndroidManifest.xml:25:13-37
94            android:theme="@android:style/Theme.Translucent.NoTitleBar" />
94-->[com.google.android.gms:play-services-base:17.5.0] AndroidManifest.xml:26:13-72
95
96        <provider
96-->[androidx.lifecycle:lifecycle-process:2.2.0] AndroidManifest.xml:25:9-29:43
97            android:name="androidx.lifecycle.ProcessLifecycleOwnerInitializer"
97-->[androidx.lifecycle:lifecycle-process:2.2.0] AndroidManifest.xml:26:13-79
98            android:authorities="hos.houns.weatherapp.lifecycle-process"
98-->[androidx.lifecycle:lifecycle-process:2.2.0] AndroidManifest.xml:27:13-69
99            android:exported="false"
99-->[androidx.lifecycle:lifecycle-process:2.2.0] AndroidManifest.xml:28:13-37
100            android:multiprocess="true" />
100-->[androidx.lifecycle:lifecycle-process:2.2.0] AndroidManifest.xml:29:13-40
101
102        <service
102-->[com.google.android.datatransport:transport-backend-cct:2.3.0] AndroidManifest.xml:29:9-35:19
103            android:name="com.google.android.datatransport.runtime.backends.TransportBackendDiscovery"
103-->[com.google.android.datatransport:transport-backend-cct:2.3.0] AndroidManifest.xml:30:13-103
104            android:exported="false" >
104-->[com.google.android.datatransport:transport-backend-cct:2.3.0] AndroidManifest.xml:31:13-37
105            <meta-data
105-->[com.google.android.datatransport:transport-backend-cct:2.3.0] AndroidManifest.xml:32:13-34:39
106                android:name="backend:com.google.android.datatransport.cct.CctBackendFactory"
106-->[com.google.android.datatransport:transport-backend-cct:2.3.0] AndroidManifest.xml:33:17-94
107                android:value="cct" />
107-->[com.google.android.datatransport:transport-backend-cct:2.3.0] AndroidManifest.xml:34:17-36
108        </service>
109        <service
109-->[com.google.android.datatransport:transport-runtime:2.2.3] AndroidManifest.xml:26:9-30:19
110            android:name="com.google.android.datatransport.runtime.scheduling.jobscheduling.JobInfoSchedulerService"
110-->[com.google.android.datatransport:transport-runtime:2.2.3] AndroidManifest.xml:27:13-117
111            android:exported="false"
111-->[com.google.android.datatransport:transport-runtime:2.2.3] AndroidManifest.xml:28:13-37
112            android:permission="android.permission.BIND_JOB_SERVICE" >
112-->[com.google.android.datatransport:transport-runtime:2.2.3] AndroidManifest.xml:29:13-69
113        </service>
114
115        <receiver
115-->[com.google.android.datatransport:transport-runtime:2.2.3] AndroidManifest.xml:32:9-34:40
116            android:name="com.google.android.datatransport.runtime.scheduling.jobscheduling.AlarmManagerSchedulerBroadcastReceiver"
116-->[com.google.android.datatransport:transport-runtime:2.2.3] AndroidManifest.xml:33:13-132
117            android:exported="false" />
117-->[com.google.android.datatransport:transport-runtime:2.2.3] AndroidManifest.xml:34:13-37
118    </application>
119
120</manifest>